Arguments: 
  /usr/bin/node /usr/share/yarn/bin/yarn.js add -D @types/mongoose-long

PATH: 
  /home/gabe/.local/bin:/usr/local/sbin:/usr/local/bin:/usr/sbin:/usr/bin:/sbin:/bin:/usr/games:/usr/local/games:/snap/bin:/home/gabe/.local/bin:/home/gabe/selenium-bot-helper/driver/:/home/gabe/.local/bin:/home/gabe/selenium-bot-helper/driver/

Yarn version: 
  1.22.5

Node version: 
  14.16.1

Platform: 
  linux x64

Trace: 
  Error: https://registry.yarnpkg.com/@types%2fmongoose-long: Not found
      at Request.params.callback [as _callback] (/usr/share/yarn/lib/cli.js:66988:18)
      at Request.self.callback (/usr/share/yarn/lib/cli.js:140749:22)
      at Request.emit (events.js:315:20)
      at Request.<anonymous> (/usr/share/yarn/lib/cli.js:141721:10)
      at Request.emit (events.js:315:20)
      at IncomingMessage.<anonymous> (/usr/share/yarn/lib/cli.js:141643:12)
      at Object.onceWrapper (events.js:421:28)
      at IncomingMessage.emit (events.js:327:22)
      at endReadableNT (internal/streams/readable.js:1327:12)
      at processTicksAndRejections (internal/process/task_queues.js:80:21)

npm manifest: 
  {
    "dependencies": {
      "mongoose-long": "^0.3.2"
    }
  }

yarn manifest: 
  No manifest

Lockfile: 
  # THIS IS AN AUTOGENERATED FILE. DO NOT EDIT THIS FILE DIRECTLY.
  # yarn lockfile v1
  
  
  mongoose-long@^0.3.2:
    version "0.3.2"
    resolved "https://registry.yarnpkg.com/mongoose-long/-/mongoose-long-0.3.2.tgz#9e38773fc93c9c5ecfea200635878593ea577fb0"
    integrity sha512-5gTjPH6HUmtNhamv8MPwExWo01Z4d9CT5njZlupqqbmxzMXTbDOgCuP/jnK+9SV0Fs7nuyYlXv7pJ/nA2pAAuA==
